-- The C compiler identification is Clang 5.0.0
-- The CXX compiler identification is Clang 5.0.0
-- Check for working C compiler: /usr/local/opt/llvm/bin/clang
-- Check for working C compiler: /usr/local/opt/llvm/bin/clang -- works
-- Detecting C compiler ABI info
-- Detecting C compiler ABI info - done
-- Detecting C compile features
-- Detecting C compile features - done
-- Check for working CXX compiler: /usr/local/opt/llvm/bin/clang++
-- Check for working CXX compiler: /usr/local/opt/llvm/bin/clang++ -- works
-- Detecting CXX compiler ABI info
-- Detecting CXX compiler ABI info - done
-- Detecting CXX compile features
-- Detecting CXX compile features - done
-- Found Git: /usr/bin/git (found version "2.11.0 (Apple Git-81)") 
-- Found ParaView
-- Performing Test COMPILER_SUPPORTS_CXX14
-- Performing Test COMPILER_SUPPORTS_CXX14 - Success
-- Configuring done
-- Generating done
-- Build files have been written to: /Users/travis/my-sim/build
